[23:15:10-Louis] : hello
                 > Bonsoir Louis
[23:15:27-Louis] : ?
                 > Voulez-vous changer la langue par défaut ? >
[23:15:32-Louis] : non
                 > Ok
[23:16:02-Louis] : modifies mon nom
                 > Quel est votre nouveau nom ? >
[23:16:28-Louis] : Louis
                 > D'accord je vous appelerais Louis maintenant
[23:19:40-Louis] : stop
                 > Bot set > OFF
[23:42:24-Louis] : stop
                 > Bot set > OFF
[23:47:20-Louis] : salut
                 > Bonsoir Louis
[23:47:48-Louis] : stop
                 > Bot set > OFF
[23:48:41-Louis] : stop
                 > Bot set > OFF
[23:48:49-Louis] : hze
                 > Quoi ?
[23:48:52-Louis] : hello
                 > Bonsoir Louis
[23:53:41-Louis] : stop
                 > Bot set > OFF
