[00:50:56-Louis] : hello
                 > Bonsoir Louis
[00:52:27-Louis] : oui
                 > Les registres sont désormais désactiver
[00:54:05-Louis] : oui
                 > Les registres sont désormais activer
[00:54:50-Louis] : dqsd
                 > Quoi ?
[00:55:18-Louis] : bonnenuit
                 > Quoi ?
[00:55:30-Louis] : stop
                 > Bot set > OFF
[17:31:08-Louis] : ?
                 > Voulez-vous changer la langue par défaut ? >
[17:31:57-Louis] : oui
                 > Langue disponible : en >
[17:32:00-Louis] : en
                 > La langue à bien été modifierdata["memory"]["lang"] = 'en'
[17:32:00-Louis] : en
                 > Langue disponible : en >
[17:35:05-Louis] : ?
                 > Do you want change the default language ? >
[17:36:21-Louis] : stop
                 > Bot set > OFF
[17:36:59-Louis] : ?
                 > Voulez-vous changer la langue par défaut ? >
[17:37:04-Louis] : non
                 > Ok
[17:37:06-Louis] : ??
                 > Voulez-vous changer la langue par défaut ? >
[17:37:11-Louis] : non
                 > Ok
[17:37:15-Louis] : ???
                 > Voulez-vous changer la langue par défaut ? >
[17:37:22-Louis] : no
                 > Ok
[17:37:27-Louis] : help
                 > Voulez-vous changer la langue par défaut ? >
[17:37:32-Louis] : nop
                 > Ok
[18:00:25-Louis] : bonne nuit
                 > Bonne nuit
                 > Bot set > off
[18:00:26-Louis] : bonne nuit
                 > Bot set > OFF
[18:02:05-Louis] : bonne nuit
                 > Bonne nuit
[18:09:13-Louis] : stop
                 > Bot set > OFF
[18:09:40-Louis] : stop
                 > Bot set > OFF
[18:09:55-Louis] : stop
                 > Bot set > OFF
[18:10:27-Louis] : stop
                 > Exit Code : Bot set > OFF
[18:11:04-Louis] : bonne nuit
                 > Bonne nuit
                 > Exit Code : Bot set > OFF
[19:18:53-Louis] : stop
                 > Exit Code : Bot set > OFF
[19:19:06-Louis] : stop
                 > Exit Code : Bot set > OFF
